molpayxdk/build/intermediates/manifest_merge_blame_file/debug/manifest-merger-blame-debug-report.txt
1<?xml version="1.0" encoding="utf-8"?>
2<manifest xmlns:android="http://schemas.android.com/apk/res/android"
3    package="com.fiuu.molpayxdk" >
4
5    <uses-sdk android:minSdkVersion="16" />
6
7    <uses-permission android:name="android.permission.INTERNET" />
7-->src\main\AndroidManifest.xml:4:5-67
7-->src\main\AndroidManifest.xml:4:22-64
8    <uses-permission android:name="android.permission.WRITE_EXTERNAL_STORAGE" />
8-->src\main\AndroidManifest.xml:5:5-81
8-->src\main\AndroidManifest.xml:5:22-78
9
10    <application>
10-->src\main\AndroidManifest.xml:7:5-10:19
11        <activity
11-->src\main\AndroidManifest.xml:8:9-9:62
12            android:name="com.fiuu.molpayxdk.MOLPayActivity"
12-->src\main\AndroidManifest.xml:8:19-67
13            android:configChanges="orientation|screenSize" />
13-->src\main\AndroidManifest.xml:9:13-59
14    </application>
15
16</manifest>